<?xml version="1.0" encoding="UTF-8"?>
<!-- Generated by org.testng.reporters.JUnitReportReporter -->
<testsuite hostname="hp" failures="0" tests="6" name="Testng.BeforeAfterDemo" time="8.459" errors="0" timestamp="2022-10-12T07:25:46 IST" skipped="0">
  <testcase classname="Testng.BeforeAfterDemo" name="printMsg" time="0.107"/>
  <system-out/>
  <testcase classname="Testng.BeforeAfterDemo" name="sum" time="2.554"/>
  <system-out/>
  <testcase classname="Testng.BeforeAfterDemo" name="printMsg" time="0.117"/>
  <system-out/>
  <testcase classname="Testng.BeforeAfterDemo" name="multipleSelect" time="1.566"/>
  <system-out/>
  <testcase classname="Testng.BeforeAfterDemo" name="multipleSelect" time="1.499"/>
  <system-out/>
  <testcase classname="Testng.BeforeAfterDemo" name="sum" time="2.616"/>
  <system-out/>
</testsuite> <!-- Testng.BeforeAfterDemo -->
