<?xml version="1.0" encoding="UTF-8"?>
<!-- Generated by org.testng.reporters.JUnitReportReporter -->
<testsuite hostname="hp" failures="0" tests="6" name="Testng.FirstTest" time="0.032" errors="0" timestamp="2022-10-12T07:18:15 IST" skipped="0">
  <testcase classname="Testng.FirstTest" name="third" time="0.003"/>
  <system-out/>
  <testcase classname="Testng.FirstTest" name="first" time="0.006"/>
  <system-out/>
  <testcase classname="Testng.FirstTest" name="second" time="0.005"/>
  <system-out/>
  <testcase classname="Testng.FirstTest" name="first" time="0.015"/>
  <system-out/>
  <testcase classname="Testng.FirstTest" name="second" time="0.002"/>
  <system-out/>
  <testcase classname="Testng.FirstTest" name="third" time="0.001"/>
  <system-out/>
</testsuite> <!-- Testng.FirstTest -->
