<?xml version="1.0" encoding="UTF-8"?>
<!-- Generated by org.testng.reporters.JUnitReportReporter -->
<testsuite hostname="hp" failures="0" tests="3" name="seleniumBasics.NewTest" time="0.038" errors="0" timestamp="2022-10-11T07:43:44 IST" skipped="0">
  <testcase classname="seleniumBasics.NewTest" name="third" time="0.011"/>
  <system-out/>
  <testcase classname="seleniumBasics.NewTest" name="first" time="0.023"/>
  <system-out/>
  <testcase classname="seleniumBasics.NewTest" name="second" time="0.004"/>
  <system-out/>
</testsuite> <!-- seleniumBasics.NewTest -->
